Puissance4_Gradle/app/build/outputs/apk/manifest-merger-debug-report.txt
-- Merging decision tree log ---
manifest
ADDED from AndroidManifest.xml:2:1
	xmlns:android
		ADDED from AndroidManifest.xml:2:11
	package
		ADDED from AndroidManifest.xml:3:11
		INJECTED from AndroidManifest.xml:0:0
		INJECTED from AndroidManifest.xml:0:0
	android:versionName
		ADDED from AndroidManifest.xml:5:11
	android:versionCode
		ADDED from AndroidManifest.xml:4:11
		INJECTED from AndroidManifest.xml:0:0
		INJECTED from AndroidManifest.xml:0:0
uses-sdk
ADDED from AndroidManifest.xml:6:5
MERGED from com.android.support:support-v4:21.0.3:15:5
	android:targetSdkVersion
		INJECTED from AndroidManifest.xml:0:0
		INJECTED from AndroidManifest.xml:0:0
	android:minSdkVersion
		ADDED from AndroidManifest.xml:6:15
		INJECTED from AndroidManifest.xml:0:0
		INJECTED from AndroidManifest.xml:0:0
uses-permission#android.permission.INTERNET
ADDED from AndroidManifest.xml:7:5
	android:name
		ADDED from AndroidManifest.xml:7:22
uses-feature#android.hardware.sensor.accelerometer
ADDED from AndroidManifest.xml:8:5
	android:required
		ADDED from AndroidManifest.xml:8:72
	android:name
		ADDED from AndroidManifest.xml:8:19
application
ADDED from AndroidManifest.xml:9:5
MERGED from com.android.support:support-v4:21.0.3:16:5
	android:label
		ADDED from AndroidManifest.xml:9:18
	android:icon
		ADDED from AndroidManifest.xml:9:51
activity#com.puissance4.view.activities.GameActivity
ADDED from AndroidManifest.xml:10:9
	android:label
		ADDED from AndroidManifest.xml:11:19
	android:name
		ADDED from AndroidManifest.xml:10:19
activity#com.puissance4.view.activities.MainActivity
ADDED from AndroidManifest.xml:13:9
	android:label
		ADDED from AndroidManifest.xml:14:19
	android:name
		ADDED from AndroidManifest.xml:13:19
intent-filter#android.intent.action.MAIN+android.intent.category.LAUNCHER
ADDED from AndroidManifest.xml:15:13
action#android.intent.action.MAIN
ADDED from AndroidManifest.xml:16:17
	android:name
		ADDED from AndroidManifest.xml:16:25
category#android.intent.category.LAUNCHER
ADDED from AndroidManifest.xml:17:17
	android:name
		ADDED from AndroidManifest.xml:17:27
activity#com.puissance4.view.activities.SettingActivity
ADDED from AndroidManifest.xml:20:9
	android:label
		ADDED from AndroidManifest.xml:21:19
	android:name
		ADDED from AndroidManifest.xml:20:19
activity#com.puissance4.view.activities.FriendListActivity
ADDED from AndroidManifest.xml:22:9
	android:label
		ADDED from AndroidManifest.xml:23:19
	android:name
		ADDED from AndroidManifest.xml:22:19
activity#com.puissance4.view.activities.FriendPickerActivity
ADDED from AndroidManifest.xml:24:9
	android:label
		ADDED from AndroidManifest.xml:25:19
	android:name
		ADDED from AndroidManifest.xml:24:19
activity#com.puissance4.view.activities.NearPlayerPickerActivity
ADDED from AndroidManifest.xml:26:9
	android:label
		ADDED from AndroidManifest.xml:27:19
	android:name
		ADDED from AndroidManifest.xml:26:19
activity#com.puissance4.view.activities.StartGameActivity
ADDED from AndroidManifest.xml:28:9
	android:label
		ADDED from AndroidManifest.xml:29:19
	android:name
		ADDED from AndroidManifest.xml:28:19
receiver#com.puissance4.server_com.ping_service.RefuseGameReceiver
ADDED from AndroidManifest.xml:30:9
	android:name
		ADDED from AndroidManifest.xml:30:19